2018-11-14 16:09:32 [scrapy.utils.log] INFO: Scrapy 1.5.1 started (bot: BugReportScrapy)
2018-11-14 16:09:32 [scrapy.utils.log] INFO: Versions: lxml 4.2.5.0, libxml2 2.9.5, cssselect 1.0.3, parsel 1.5.1, w3lib 1.19.0, Twisted 18.9.0, Python 3.7.1 (v3.7.1:260ec2c36a, Oct 20 2018, 14:57:15) [MSC v.1915 64 bit (AMD64)], pyOpenSSL 18.0.0 (OpenSSL 1.1.0i  14 Aug 2018), cryptography 2.3.1, Platform Windows-10-10.0.17763-SP0
2018-11-14 16:09:32 [scrapy.crawler] INFO: Overridden settings: {'BOT_NAME': 'BugReportScrapy', 'DOWNLOAD_DELAY': 3, 'LOG_FILE': 'tomcat9.log', 'NEWSPIDER_MODULE': 'BugReportScrapy.spiders', 'SPIDER_MODULES': ['BugReportScrapy.spiders']}
2018-11-14 16:09:32 [scrapy.middleware] INFO: Enabled extensions:
['scrapy.extensions.corestats.CoreStats',
 'scrapy.extensions.telnet.TelnetConsole',
 'scrapy.extensions.logstats.LogStats']
2018-11-14 16:09:32 [scrapy.middleware] INFO: Enabled downloader middlewares:
['scrapy.downloadermiddlewares.httpauth.HttpAuthMiddleware',
 'scrapy.downloadermiddlewares.downloadtimeout.DownloadTimeoutMiddleware',
 'scrapy.downloadermiddlewares.defaultheaders.DefaultHeadersMiddleware',
 'scrapy.downloadermiddlewares.useragent.UserAgentMiddleware',
 'scrapy.downloadermiddlewares.retry.RetryMiddleware',
 'scrapy.downloadermiddlewares.redirect.MetaRefreshMiddleware',
 'scrapy.downloadermiddlewares.httpcompression.HttpCompressionMiddleware',
 'scrapy.downloadermiddlewares.redirect.RedirectMiddleware',
 'scrapy.downloadermiddlewares.cookies.CookiesMiddleware',
 'scrapy.downloadermiddlewares.httpproxy.HttpProxyMiddleware',
 'scrapy.downloadermiddlewares.stats.DownloaderStats']
2018-11-14 16:09:32 [scrapy.middleware] INFO: Enabled spider middlewares:
['scrapy.spidermiddlewares.httperror.HttpErrorMiddleware',
 'scrapy.spidermiddlewares.offsite.OffsiteMiddleware',
 'scrapy.spidermiddlewares.referer.RefererMiddleware',
 'scrapy.spidermiddlewares.urllength.UrlLengthMiddleware',
 'scrapy.spidermiddlewares.depth.DepthMiddleware']
2018-11-14 16:09:32 [scrapy.middleware] INFO: Enabled item pipelines:
[]
2018-11-14 16:09:32 [scrapy.core.engine] INFO: Spider opened
2018-11-14 16:09:32 [scrapy.extensions.logstats] INFO: Crawled 0 pages (at 0 pages/min), scraped 0 items (at 0 items/min)
2018-11-14 16:09:32 [scrapy.extensions.telnet] DEBUG: Telnet console listening on 127.0.0.1:6023
2018-11-14 16:09:35 [scrapy.core.engine] DEBUG: Crawled (200) <GET https://bz.apache.org/bugzilla/show_bug.cgi?ctype=xml&id=57431> (referer: None)
2018-11-14 16:09:35 [root] INFO: Insert https://bz.apache.org/bugzilla/show_bug.cgi?ctype=xml&id=57431 complete.
2018-11-14 16:09:37 [scrapy.core.engine] DEBUG: Crawled (200) <GET https://bz.apache.org/bugzilla/show_bug.cgi?ctype=xml&id=57625> (referer: None)
2018-11-14 16:09:37 [root] INFO: Insert https://bz.apache.org/bugzilla/show_bug.cgi?ctype=xml&id=57625 complete.
2018-11-14 16:09:40 [scrapy.core.engine] DEBUG: Crawled (200) <GET https://bz.apache.org/bugzilla/show_bug.cgi?ctype=xml&id=57637> (referer: None)
2018-11-14 16:09:40 [root] INFO: Insert https://bz.apache.org/bugzilla/show_bug.cgi?ctype=xml&id=57637 complete.
2018-11-14 16:09:44 [scrapy.core.engine] DEBUG: Crawled (200) <GET https://bz.apache.org/bugzilla/show_bug.cgi?ctype=xml&id=57715> (referer: None)
2018-11-14 16:09:44 [root] INFO: Insert https://bz.apache.org/bugzilla/show_bug.cgi?ctype=xml&id=57715 complete.
2018-11-14 16:09:48 [scrapy.core.engine] DEBUG: Crawled (200) <GET https://bz.apache.org/bugzilla/show_bug.cgi?ctype=xml&id=57732> (referer: None)
2018-11-14 16:09:48 [root] INFO: Insert https://bz.apache.org/bugzilla/show_bug.cgi?ctype=xml&id=57732 complete.
2018-11-14 16:09:50 [scrapy.core.engine] DEBUG: Crawled (200) <GET https://bz.apache.org/bugzilla/show_bug.cgi?ctype=xml&id=57644> (referer: None)
2018-11-14 16:09:51 [root] INFO: Insert https://bz.apache.org/bugzilla/show_bug.cgi?ctype=xml&id=57644 complete.
2018-11-14 16:09:54 [scrapy.core.engine] DEBUG: Crawled (200) <GET https://bz.apache.org/bugzilla/show_bug.cgi?ctype=xml&id=57108> (referer: None)
2018-11-14 16:09:54 [root] INFO: Insert https://bz.apache.org/bugzilla/show_bug.cgi?ctype=xml&id=57108 complete.
2018-11-14 16:09:57 [scrapy.core.engine] DEBUG: Crawled (200) <GET https://bz.apache.org/bugzilla/show_bug.cgi?ctype=xml&id=57982> (referer: None)
2018-11-14 16:09:57 [root] INFO: Insert https://bz.apache.org/bugzilla/show_bug.cgi?ctype=xml&id=57982 complete.
2018-11-14 16:10:00 [scrapy.core.engine] DEBUG: Crawled (200) <GET https://bz.apache.org/bugzilla/show_bug.cgi?ctype=xml&id=58053> (referer: None)
2018-11-14 16:10:01 [root] INFO: Insert https://bz.apache.org/bugzilla/show_bug.cgi?ctype=xml&id=58053 complete.
2018-11-14 16:10:04 [scrapy.core.engine] DEBUG: Crawled (200) <GET https://bz.apache.org/bugzilla/show_bug.cgi?ctype=xml&id=58056> (referer: None)
2018-11-14 16:10:04 [root] INFO: Insert https://bz.apache.org/bugzilla/show_bug.cgi?ctype=xml&id=58056 complete.
2018-11-14 16:10:08 [scrapy.core.engine] DEBUG: Crawled (200) <GET https://bz.apache.org/bugzilla/show_bug.cgi?ctype=xml&id=57953> (referer: None)
2018-11-14 16:10:08 [root] INFO: Insert https://bz.apache.org/bugzilla/show_bug.cgi?ctype=xml&id=57953 complete.
2018-11-14 16:10:12 [scrapy.core.engine] DEBUG: Crawled (200) <GET https://bz.apache.org/bugzilla/show_bug.cgi?ctype=xml&id=58083> (referer: None)
2018-11-14 16:10:12 [root] INFO: Insert https://bz.apache.org/bugzilla/show_bug.cgi?ctype=xml&id=58083 complete.
2018-11-14 16:10:15 [scrapy.core.engine] DEBUG: Crawled (200) <GET https://bz.apache.org/bugzilla/show_bug.cgi?ctype=xml&id=57247> (referer: None)
2018-11-14 16:10:15 [root] INFO: Insert https://bz.apache.org/bugzilla/show_bug.cgi?ctype=xml&id=57247 complete.
2018-11-14 16:10:18 [scrapy.core.engine] DEBUG: Crawled (200) <GET https://bz.apache.org/bugzilla/show_bug.cgi?ctype=xml&id=58342> (referer: None)
2018-11-14 16:10:19 [root] INFO: Insert https://bz.apache.org/bugzilla/show_bug.cgi?ctype=xml&id=58342 complete.
2018-11-14 16:10:23 [scrapy.core.engine] DEBUG: Crawled (200) <GET https://bz.apache.org/bugzilla/show_bug.cgi?ctype=xml&id=58551> (referer: None)
2018-11-14 16:10:23 [root] INFO: Insert https://bz.apache.org/bugzilla/show_bug.cgi?ctype=xml&id=58551 complete.
2018-11-14 16:10:26 [scrapy.core.engine] DEBUG: Crawled (200) <GET https://bz.apache.org/bugzilla/show_bug.cgi?ctype=xml&id=58585> (referer: None)
2018-11-14 16:10:26 [root] INFO: Insert https://bz.apache.org/bugzilla/show_bug.cgi?ctype=xml&id=58585 complete.
2018-11-14 16:10:29 [scrapy.core.engine] DEBUG: Crawled (200) <GET https://bz.apache.org/bugzilla/show_bug.cgi?ctype=xml&id=58581> (referer: None)
2018-11-14 16:10:29 [root] INFO: Insert https://bz.apache.org/bugzilla/show_bug.cgi?ctype=xml&id=58581 complete.
2018-11-14 16:10:32 [scrapy.extensions.logstats] INFO: Crawled 17 pages (at 17 pages/min), scraped 0 items (at 0 items/min)
2018-11-14 16:10:32 [scrapy.core.engine] DEBUG: Crawled (200) <GET https://bz.apache.org/bugzilla/show_bug.cgi?ctype=xml&id=58605> (referer: None)
2018-11-14 16:10:32 [root] INFO: Insert https://bz.apache.org/bugzilla/show_bug.cgi?ctype=xml&id=58605 complete.
2018-11-14 16:10:37 [scrapy.core.engine] DEBUG: Crawled (200) <GET https://bz.apache.org/bugzilla/show_bug.cgi?ctype=xml&id=58621> (referer: None)
2018-11-14 16:10:37 [root] INFO: Insert https://bz.apache.org/bugzilla/show_bug.cgi?ctype=xml&id=58621 complete.
2018-11-14 16:10:40 [scrapy.core.engine] DEBUG: Crawled (200) <GET https://bz.apache.org/bugzilla/show_bug.cgi?ctype=xml&id=58631> (referer: None)
2018-11-14 16:10:41 [root] INFO: Insert https://bz.apache.org/bugzilla/show_bug.cgi?ctype=xml&id=58631 complete.
2018-11-14 16:10:45 [scrapy.core.engine] DEBUG: Crawled (200) <GET https://bz.apache.org/bugzilla/show_bug.cgi?ctype=xml&id=58635> (referer: None)
2018-11-14 16:10:45 [root] INFO: Insert https://bz.apache.org/bugzilla/show_bug.cgi?ctype=xml&id=58635 complete.
2018-11-14 16:10:48 [scrapy.core.engine] DEBUG: Crawled (200) <GET https://bz.apache.org/bugzilla/show_bug.cgi?ctype=xml&id=58650> (referer: None)
2018-11-14 16:10:48 [root] INFO: Insert https://bz.apache.org/bugzilla/show_bug.cgi?ctype=xml&id=58650 complete.
2018-11-14 16:10:50 [scrapy.core.engine] DEBUG: Crawled (200) <GET https://bz.apache.org/bugzilla/show_bug.cgi?ctype=xml&id=58662> (referer: None)
2018-11-14 16:10:50 [root] INFO: Insert https://bz.apache.org/bugzilla/show_bug.cgi?ctype=xml&id=58662 complete.
2018-11-14 16:10:54 [scrapy.core.engine] DEBUG: Crawled (200) <GET https://bz.apache.org/bugzilla/show_bug.cgi?ctype=xml&id=58659> (referer: None)
2018-11-14 16:10:54 [root] INFO: Insert https://bz.apache.org/bugzilla/show_bug.cgi?ctype=xml&id=58659 complete.
2018-11-14 16:10:59 [scrapy.core.engine] DEBUG: Crawled (200) <GET https://bz.apache.org/bugzilla/show_bug.cgi?ctype=xml&id=58835> (referer: None)
2018-11-14 16:10:59 [root] INFO: Insert https://bz.apache.org/bugzilla/show_bug.cgi?ctype=xml&id=58835 complete.
2018-11-14 16:11:02 [scrapy.core.engine] DEBUG: Crawled (200) <GET https://bz.apache.org/bugzilla/show_bug.cgi?ctype=xml&id=58827> (referer: None)
2018-11-14 16:11:02 [root] INFO: Insert https://bz.apache.org/bugzilla/show_bug.cgi?ctype=xml&id=58827 complete.
2018-11-14 16:11:06 [scrapy.core.engine] DEBUG: Crawled (200) <GET https://bz.apache.org/bugzilla/show_bug.cgi?ctype=xml&id=58905> (referer: None)
2018-11-14 16:11:06 [root] INFO: Insert https://bz.apache.org/bugzilla/show_bug.cgi?ctype=xml&id=58905 complete.
2018-11-14 16:11:09 [scrapy.core.engine] DEBUG: Crawled (200) <GET https://bz.apache.org/bugzilla/show_bug.cgi?ctype=xml&id=34319> (referer: None)
2018-11-14 16:11:09 [root] INFO: Insert https://bz.apache.org/bugzilla/show_bug.cgi?ctype=xml&id=34319 complete.
2018-11-14 16:11:13 [scrapy.core.engine] DEBUG: Crawled (200) <GET https://bz.apache.org/bugzilla/show_bug.cgi?ctype=xml&id=58351> (referer: None)
2018-11-14 16:11:13 [root] INFO: Insert https://bz.apache.org/bugzilla/show_bug.cgi?ctype=xml&id=58351 complete.
2018-11-14 16:11:17 [scrapy.core.engine] DEBUG: Crawled (200) <GET https://bz.apache.org/bugzilla/show_bug.cgi?ctype=xml&id=59123> (referer: None)
2018-11-14 16:11:17 [root] INFO: Insert https://bz.apache.org/bugzilla/show_bug.cgi?ctype=xml&id=59123 complete.
2018-11-14 16:11:21 [scrapy.core.engine] DEBUG: Crawled (200) <GET https://bz.apache.org/bugzilla/show_bug.cgi?ctype=xml&id=59017> (referer: None)
2018-11-14 16:11:21 [root] INFO: Insert https://bz.apache.org/bugzilla/show_bug.cgi?ctype=xml&id=59017 complete.
2018-11-14 16:11:25 [scrapy.core.engine] DEBUG: Crawled (200) <GET https://bz.apache.org/bugzilla/show_bug.cgi?ctype=xml&id=59150> (referer: None)
2018-11-14 16:11:25 [root] INFO: Insert https://bz.apache.org/bugzilla/show_bug.cgi?ctype=xml&id=59150 complete.
2018-11-14 16:11:28 [scrapy.core.engine] DEBUG: Crawled (200) <GET https://bz.apache.org/bugzilla/show_bug.cgi?ctype=xml&id=59211> (referer: None)
2018-11-14 16:11:28 [root] INFO: Insert https://bz.apache.org/bugzilla/show_bug.cgi?ctype=xml&id=59211 complete.
2018-11-14 16:11:29 [scrapy.core.engine] DEBUG: Crawled (200) <GET https://bz.apache.org/bugzilla/show_bug.cgi?ctype=xml&id=59217> (referer: None)
2018-11-14 16:11:29 [root] INFO: Insert https://bz.apache.org/bugzilla/show_bug.cgi?ctype=xml&id=59217 complete.
2018-11-14 16:11:32 [scrapy.extensions.logstats] INFO: Crawled 34 pages (at 17 pages/min), scraped 0 items (at 0 items/min)
2018-11-14 16:11:32 [scrapy.core.engine] DEBUG: Crawled (200) <GET https://bz.apache.org/bugzilla/show_bug.cgi?ctype=xml&id=59218> (referer: None)
2018-11-14 16:11:32 [root] INFO: Insert https://bz.apache.org/bugzilla/show_bug.cgi?ctype=xml&id=59218 complete.
2018-11-14 16:11:37 [scrapy.core.engine] DEBUG: Crawled (200) <GET https://bz.apache.org/bugzilla/show_bug.cgi?ctype=xml&id=59280> (referer: None)
2018-11-14 16:11:37 [root] INFO: Insert https://bz.apache.org/bugzilla/show_bug.cgi?ctype=xml&id=59280 complete.
2018-11-14 16:11:41 [scrapy.core.engine] DEBUG: Crawled (200) <GET https://bz.apache.org/bugzilla/show_bug.cgi?ctype=xml&id=59314> (referer: None)
2018-11-14 16:11:41 [root] INFO: Insert https://bz.apache.org/bugzilla/show_bug.cgi?ctype=xml&id=59314 complete.
2018-11-14 16:11:43 [scrapy.core.engine] DEBUG: Crawled (200) <GET https://bz.apache.org/bugzilla/show_bug.cgi?ctype=xml&id=59269> (referer: None)
2018-11-14 16:11:44 [root] INFO: Insert https://bz.apache.org/bugzilla/show_bug.cgi?ctype=xml&id=59269 complete.
2018-11-14 16:11:48 [scrapy.core.engine] DEBUG: Crawled (200) <GET https://bz.apache.org/bugzilla/show_bug.cgi?ctype=xml&id=59284> (referer: None)
2018-11-14 16:11:48 [root] INFO: Insert https://bz.apache.org/bugzilla/show_bug.cgi?ctype=xml&id=59284 complete.
2018-11-14 16:11:52 [scrapy.core.engine] DEBUG: Crawled (200) <GET https://bz.apache.org/bugzilla/show_bug.cgi?ctype=xml&id=59365> (referer: None)
2018-11-14 16:11:52 [root] INFO: Insert https://bz.apache.org/bugzilla/show_bug.cgi?ctype=xml&id=59365 complete.
2018-11-14 16:11:55 [scrapy.core.engine] DEBUG: Crawled (200) <GET https://bz.apache.org/bugzilla/show_bug.cgi?ctype=xml&id=59369> (referer: None)
2018-11-14 16:11:55 [root] INFO: Insert https://bz.apache.org/bugzilla/show_bug.cgi?ctype=xml&id=59369 complete.
2018-11-14 16:12:01 [scrapy.core.engine] DEBUG: Crawled (200) <GET https://bz.apache.org/bugzilla/show_bug.cgi?ctype=xml&id=59344> (referer: None)
2018-11-14 16:12:01 [root] INFO: Insert https://bz.apache.org/bugzilla/show_bug.cgi?ctype=xml&id=59344 complete.
2018-11-14 16:12:02 [scrapy.core.engine] DEBUG: Crawled (200) <GET https://bz.apache.org/bugzilla/show_bug.cgi?ctype=xml&id=59421> (referer: None)
2018-11-14 16:12:02 [root] INFO: Insert https://bz.apache.org/bugzilla/show_bug.cgi?ctype=xml&id=59421 complete.
2018-11-14 16:12:06 [scrapy.core.engine] DEBUG: Crawled (200) <GET https://bz.apache.org/bugzilla/show_bug.cgi?ctype=xml&id=59437> (referer: None)
2018-11-14 16:12:06 [root] INFO: Insert https://bz.apache.org/bugzilla/show_bug.cgi?ctype=xml&id=59437 complete.
2018-11-14 16:12:08 [scrapy.core.engine] DEBUG: Crawled (200) <GET https://bz.apache.org/bugzilla/show_bug.cgi?ctype=xml&id=59451> (referer: None)
2018-11-14 16:12:09 [root] INFO: Insert https://bz.apache.org/bugzilla/show_bug.cgi?ctype=xml&id=59451 complete.
2018-11-14 16:12:12 [scrapy.core.engine] DEBUG: Crawled (200) <GET https://bz.apache.org/bugzilla/show_bug.cgi?ctype=xml&id=59449> (referer: None)
2018-11-14 16:12:12 [root] INFO: Insert https://bz.apache.org/bugzilla/show_bug.cgi?ctype=xml&id=59449 complete.
2018-11-14 16:12:17 [scrapy.core.engine] DEBUG: Crawled (200) <GET https://bz.apache.org/bugzilla/show_bug.cgi?ctype=xml&id=59450> (referer: None)
2018-11-14 16:12:17 [root] INFO: Insert https://bz.apache.org/bugzilla/show_bug.cgi?ctype=xml&id=59450 complete.
2018-11-14 16:12:21 [scrapy.core.engine] DEBUG: Crawled (200) <GET https://bz.apache.org/bugzilla/show_bug.cgi?ctype=xml&id=59288> (referer: None)
2018-11-14 16:12:21 [root] INFO: Insert https://bz.apache.org/bugzilla/show_bug.cgi?ctype=xml&id=59288 complete.
2018-11-14 16:12:25 [scrapy.core.engine] DEBUG: Crawled (200) <GET https://bz.apache.org/bugzilla/show_bug.cgi?ctype=xml&id=59161> (referer: None)
2018-11-14 16:12:25 [root] INFO: Insert https://bz.apache.org/bugzilla/show_bug.cgi?ctype=xml&id=59161 complete.
2018-11-14 16:12:29 [scrapy.core.engine] DEBUG: Crawled (200) <GET https://bz.apache.org/bugzilla/show_bug.cgi?ctype=xml&id=59081> (referer: None)
2018-11-14 16:12:29 [root] INFO: Insert https://bz.apache.org/bugzilla/show_bug.cgi?ctype=xml&id=59081 complete.
2018-11-14 16:12:32 [scrapy.extensions.logstats] INFO: Crawled 50 pages (at 16 pages/min), scraped 0 items (at 0 items/min)
2018-11-14 16:12:33 [scrapy.core.engine] DEBUG: Crawled (200) <GET https://bz.apache.org/bugzilla/show_bug.cgi?ctype=xml&id=59647> (referer: None)
2018-11-14 16:12:33 [root] INFO: Insert https://bz.apache.org/bugzilla/show_bug.cgi?ctype=xml&id=59647 complete.
2018-11-14 16:12:36 [scrapy.core.engine] DEBUG: Crawled (200) <GET https://bz.apache.org/bugzilla/show_bug.cgi?ctype=xml&id=59276> (referer: None)
2018-11-14 16:12:36 [root] INFO: Insert https://bz.apache.org/bugzilla/show_bug.cgi?ctype=xml&id=59276 complete.
2018-11-14 16:12:40 [scrapy.core.engine] DEBUG: Crawled (200) <GET https://bz.apache.org/bugzilla/show_bug.cgi?ctype=xml&id=59655> (referer: None)
2018-11-14 16:12:40 [root] INFO: Insert https://bz.apache.org/bugzilla/show_bug.cgi?ctype=xml&id=59655 complete.
2018-11-14 16:12:43 [scrapy.core.engine] DEBUG: Crawled (200) <GET https://bz.apache.org/bugzilla/show_bug.cgi?ctype=xml&id=59672> (referer: None)
2018-11-14 16:12:44 [root] INFO: Insert https://bz.apache.org/bugzilla/show_bug.cgi?ctype=xml&id=59672 complete.
2018-11-14 16:12:48 [scrapy.core.engine] DEBUG: Crawled (200) <GET https://bz.apache.org/bugzilla/show_bug.cgi?ctype=xml&id=58735> (referer: None)
2018-11-14 16:12:48 [root] INFO: Insert https://bz.apache.org/bugzilla/show_bug.cgi?ctype=xml&id=58735 complete.
2018-11-14 16:12:53 [scrapy.core.engine] DEBUG: Crawled (200) <GET https://bz.apache.org/bugzilla/show_bug.cgi?ctype=xml&id=55988> (referer: None)
2018-11-14 16:12:53 [root] INFO: Insert https://bz.apache.org/bugzilla/show_bug.cgi?ctype=xml&id=55988 complete.
2018-11-14 16:12:56 [scrapy.core.engine] DEBUG: Crawled (200) <GET https://bz.apache.org/bugzilla/show_bug.cgi?ctype=xml&id=59754> (referer: None)
2018-11-14 16:12:56 [root] INFO: Insert https://bz.apache.org/bugzilla/show_bug.cgi?ctype=xml&id=59754 complete.
2018-11-14 16:13:00 [scrapy.core.engine] DEBUG: Crawled (200) <GET https://bz.apache.org/bugzilla/show_bug.cgi?ctype=xml&id=59929> (referer: None)
2018-11-14 16:13:00 [root] INFO: Insert https://bz.apache.org/bugzilla/show_bug.cgi?ctype=xml&id=59929 complete.
2018-11-14 16:13:04 [scrapy.core.engine] DEBUG: Crawled (200) <GET https://bz.apache.org/bugzilla/show_bug.cgi?ctype=xml&id=59926> (referer: None)
2018-11-14 16:13:04 [root] INFO: Insert https://bz.apache.org/bugzilla/show_bug.cgi?ctype=xml&id=59926 complete.
2018-11-14 16:13:08 [scrapy.core.engine] DEBUG: Crawled (200) <GET https://bz.apache.org/bugzilla/show_bug.cgi?ctype=xml&id=59911> (referer: None)
2018-11-14 16:13:09 [root] INFO: Insert https://bz.apache.org/bugzilla/show_bug.cgi?ctype=xml&id=59911 complete.
2018-11-14 16:13:10 [scrapy.core.engine] DEBUG: Crawled (200) <GET https://bz.apache.org/bugzilla/show_bug.cgi?ctype=xml&id=59888> (referer: None)
2018-11-14 16:13:10 [root] INFO: Insert https://bz.apache.org/bugzilla/show_bug.cgi?ctype=xml&id=59888 complete.
2018-11-14 16:13:14 [scrapy.core.engine] DEBUG: Crawled (200) <GET https://bz.apache.org/bugzilla/show_bug.cgi?ctype=xml&id=59925> (referer: None)
2018-11-14 16:13:15 [root] INFO: Insert https://bz.apache.org/bugzilla/show_bug.cgi?ctype=xml&id=59925 complete.
2018-11-14 16:13:18 [scrapy.core.engine] DEBUG: Crawled (200) <GET https://bz.apache.org/bugzilla/show_bug.cgi?ctype=xml&id=59823> (referer: None)
2018-11-14 16:13:18 [root] INFO: Insert https://bz.apache.org/bugzilla/show_bug.cgi?ctype=xml&id=59823 complete.
2018-11-14 16:13:21 [scrapy.core.engine] DEBUG: Crawled (200) <GET https://bz.apache.org/bugzilla/show_bug.cgi?ctype=xml&id=59904> (referer: None)
2018-11-14 16:13:21 [root] INFO: Insert https://bz.apache.org/bugzilla/show_bug.cgi?ctype=xml&id=59904 complete.
2018-11-14 16:13:25 [scrapy.core.engine] DEBUG: Crawled (200) <GET https://bz.apache.org/bugzilla/show_bug.cgi?ctype=xml&id=60188> (referer: None)
2018-11-14 16:13:25 [root] INFO: Insert https://bz.apache.org/bugzilla/show_bug.cgi?ctype=xml&id=60188 complete.
2018-11-14 16:13:30 [scrapy.core.engine] DEBUG: Crawled (200) <GET https://bz.apache.org/bugzilla/show_bug.cgi?ctype=xml&id=58629> (referer: None)
2018-11-14 16:13:30 [root] INFO: Insert https://bz.apache.org/bugzilla/show_bug.cgi?ctype=xml&id=58629 complete.
2018-11-14 16:13:32 [scrapy.extensions.logstats] INFO: Crawled 66 pages (at 16 pages/min), scraped 0 items (at 0 items/min)
2018-11-14 16:13:33 [scrapy.core.engine] DEBUG: Crawled (200) <GET https://bz.apache.org/bugzilla/show_bug.cgi?ctype=xml&id=60193> (referer: None)
2018-11-14 16:13:33 [root] INFO: Insert https://bz.apache.org/bugzilla/show_bug.cgi?ctype=xml&id=60193 complete.
2018-11-14 16:13:38 [scrapy.core.engine] DEBUG: Crawled (200) <GET https://bz.apache.org/bugzilla/show_bug.cgi?ctype=xml&id=60152> (referer: None)
2018-11-14 16:13:38 [root] INFO: Insert https://bz.apache.org/bugzilla/show_bug.cgi?ctype=xml&id=60152 complete.
2018-11-14 16:13:41 [scrapy.core.engine] DEBUG: Crawled (200) <GET https://bz.apache.org/bugzilla/show_bug.cgi?ctype=xml&id=60196> (referer: None)
2018-11-14 16:13:41 [root] INFO: Insert https://bz.apache.org/bugzilla/show_bug.cgi?ctype=xml&id=60196 complete.
2018-11-14 16:13:44 [scrapy.core.engine] DEBUG: Crawled (200) <GET https://bz.apache.org/bugzilla/show_bug.cgi?ctype=xml&id=60297> (referer: None)
2018-11-14 16:13:44 [root] INFO: Insert https://bz.apache.org/bugzilla/show_bug.cgi?ctype=xml&id=60297 complete.
2018-11-14 16:13:48 [scrapy.core.engine] DEBUG: Crawled (200) <GET https://bz.apache.org/bugzilla/show_bug.cgi?ctype=xml&id=60319> (referer: None)
2018-11-14 16:13:48 [root] INFO: Insert https://bz.apache.org/bugzilla/show_bug.cgi?ctype=xml&id=60319 complete.
2018-11-14 16:13:53 [scrapy.core.engine] DEBUG: Crawled (200) <GET https://bz.apache.org/bugzilla/show_bug.cgi?ctype=xml&id=59649> (referer: None)
2018-11-14 16:13:53 [root] INFO: Insert https://bz.apache.org/bugzilla/show_bug.cgi?ctype=xml&id=59649 complete.
2018-11-14 16:13:57 [scrapy.core.engine] DEBUG: Crawled (200) <GET https://bz.apache.org/bugzilla/show_bug.cgi?ctype=xml&id=59233> (referer: None)
2018-11-14 16:13:57 [root] INFO: Insert https://bz.apache.org/bugzilla/show_bug.cgi?ctype=xml&id=59233 complete.
2018-11-14 16:14:00 [scrapy.core.engine] DEBUG: Crawled (200) <GET https://bz.apache.org/bugzilla/show_bug.cgi?ctype=xml&id=60359> (referer: None)
2018-11-14 16:14:00 [root] INFO: Insert https://bz.apache.org/bugzilla/show_bug.cgi?ctype=xml&id=60359 complete.
2018-11-14 16:14:05 [scrapy.core.engine] DEBUG: Crawled (200) <GET https://bz.apache.org/bugzilla/show_bug.cgi?ctype=xml&id=60367> (referer: None)
2018-11-14 16:14:05 [root] INFO: Insert https://bz.apache.org/bugzilla/show_bug.cgi?ctype=xml&id=60367 complete.
2018-11-14 16:14:09 [scrapy.core.engine] DEBUG: Crawled (200) <GET https://bz.apache.org/bugzilla/show_bug.cgi?ctype=xml&id=60357> (referer: None)
2018-11-14 16:14:09 [root] INFO: Insert https://bz.apache.org/bugzilla/show_bug.cgi?ctype=xml&id=60357 complete.
2018-11-14 16:14:12 [scrapy.core.engine] DEBUG: Crawled (200) <GET https://bz.apache.org/bugzilla/show_bug.cgi?ctype=xml&id=60433> (referer: None)
2018-11-14 16:14:12 [root] INFO: Insert https://bz.apache.org/bugzilla/show_bug.cgi?ctype=xml&id=60433 complete.
2018-11-14 16:14:16 [scrapy.core.engine] DEBUG: Crawled (200) <GET https://bz.apache.org/bugzilla/show_bug.cgi?ctype=xml&id=60455> (referer: None)
2018-11-14 16:14:17 [root] INFO: Insert https://bz.apache.org/bugzilla/show_bug.cgi?ctype=xml&id=60455 complete.
2018-11-14 16:14:21 [scrapy.core.engine] DEBUG: Crawled (200) <GET https://bz.apache.org/bugzilla/show_bug.cgi?ctype=xml&id=60446> (referer: None)
2018-11-14 16:14:21 [root] INFO: Insert https://bz.apache.org/bugzilla/show_bug.cgi?ctype=xml&id=60446 complete.
2018-11-14 16:14:24 [scrapy.core.engine] DEBUG: Crawled (200) <GET https://bz.apache.org/bugzilla/show_bug.cgi?ctype=xml&id=60488> (referer: None)
2018-11-14 16:14:24 [root] INFO: Insert https://bz.apache.org/bugzilla/show_bug.cgi?ctype=xml&id=60488 complete.
2018-11-14 16:14:29 [scrapy.core.engine] DEBUG: Crawled (200) <GET https://bz.apache.org/bugzilla/show_bug.cgi?ctype=xml&id=60344> (referer: None)
2018-11-14 16:14:29 [root] INFO: Insert https://bz.apache.org/bugzilla/show_bug.cgi?ctype=xml&id=60344 complete.
2018-11-14 16:14:32 [scrapy.core.engine] DEBUG: Crawled (200) <GET https://bz.apache.org/bugzilla/show_bug.cgi?ctype=xml&id=53602> (referer: None)
2018-11-14 16:14:32 [root] INFO: Insert https://bz.apache.org/bugzilla/show_bug.cgi?ctype=xml&id=53602 complete.
2018-11-14 16:14:32 [scrapy.extensions.logstats] INFO: Crawled 82 pages (at 16 pages/min), scraped 0 items (at 0 items/min)
2018-11-14 16:14:35 [scrapy.core.engine] DEBUG: Crawled (200) <GET https://bz.apache.org/bugzilla/show_bug.cgi?ctype=xml&id=59661> (referer: None)
2018-11-14 16:14:35 [root] INFO: Insert https://bz.apache.org/bugzilla/show_bug.cgi?ctype=xml&id=59661 complete.
2018-11-14 16:14:37 [scrapy.core.engine] DEBUG: Crawled (200) <GET https://bz.apache.org/bugzilla/show_bug.cgi?ctype=xml&id=60596> (referer: None)
2018-11-14 16:14:37 [root] INFO: Insert https://bz.apache.org/bugzilla/show_bug.cgi?ctype=xml&id=60596 complete.
2018-11-14 16:14:42 [scrapy.core.engine] DEBUG: Crawled (200) <GET https://bz.apache.org/bugzilla/show_bug.cgi?ctype=xml&id=59807> (referer: None)
2018-11-14 16:14:42 [root] INFO: Insert https://bz.apache.org/bugzilla/show_bug.cgi?ctype=xml&id=59807 complete.
2018-11-14 16:14:47 [scrapy.core.engine] DEBUG: Crawled (200) <GET https://bz.apache.org/bugzilla/show_bug.cgi?ctype=xml&id=60615> (referer: None)
2018-11-14 16:14:48 [root] INFO: Insert https://bz.apache.org/bugzilla/show_bug.cgi?ctype=xml&id=60615 complete.
2018-11-14 16:14:49 [scrapy.core.engine] DEBUG: Crawled (200) <GET https://bz.apache.org/bugzilla/show_bug.cgi?ctype=xml&id=60688> (referer: None)
2018-11-14 16:14:49 [root] INFO: Insert https://bz.apache.org/bugzilla/show_bug.cgi?ctype=xml&id=60688 complete.
2018-11-14 16:14:52 [scrapy.core.engine] DEBUG: Crawled (200) <GET https://bz.apache.org/bugzilla/show_bug.cgi?ctype=xml&id=59706> (referer: None)
2018-11-14 16:14:52 [root] INFO: Insert https://bz.apache.org/bugzilla/show_bug.cgi?ctype=xml&id=59706 complete.
2018-11-14 16:14:56 [scrapy.core.engine] DEBUG: Crawled (200) <GET https://bz.apache.org/bugzilla/show_bug.cgi?ctype=xml&id=60852> (referer: None)
2018-11-14 16:14:56 [root] INFO: Insert https://bz.apache.org/bugzilla/show_bug.cgi?ctype=xml&id=60852 complete.
2018-11-14 16:14:59 [scrapy.core.engine] DEBUG: Crawled (200) <GET https://bz.apache.org/bugzilla/show_bug.cgi?ctype=xml&id=60927> (referer: None)
2018-11-14 16:14:59 [root] INFO: Insert https://bz.apache.org/bugzilla/show_bug.cgi?ctype=xml&id=60927 complete.
2018-11-14 16:15:01 [scrapy.core.engine] DEBUG: Crawled (200) <GET https://bz.apache.org/bugzilla/show_bug.cgi?ctype=xml&id=60949> (referer: None)
2018-11-14 16:15:02 [root] INFO: Insert https://bz.apache.org/bugzilla/show_bug.cgi?ctype=xml&id=60949 complete.
2018-11-14 16:15:04 [scrapy.core.engine] DEBUG: Crawled (200) <GET https://bz.apache.org/bugzilla/show_bug.cgi?ctype=xml&id=61072> (referer: None)
2018-11-14 16:15:04 [root] INFO: Insert https://bz.apache.org/bugzilla/show_bug.cgi?ctype=xml&id=61072 complete.
2018-11-14 16:15:09 [scrapy.core.engine] DEBUG: Crawled (200) <GET https://bz.apache.org/bugzilla/show_bug.cgi?ctype=xml&id=61055> (referer: None)
2018-11-14 16:15:09 [root] INFO: Insert https://bz.apache.org/bugzilla/show_bug.cgi?ctype=xml&id=61055 complete.
2018-11-14 16:15:13 [scrapy.core.engine] DEBUG: Crawled (200) <GET https://bz.apache.org/bugzilla/show_bug.cgi?ctype=xml&id=61111> (referer: None)
2018-11-14 16:15:13 [root] INFO: Insert https://bz.apache.org/bugzilla/show_bug.cgi?ctype=xml&id=61111 complete.
2018-11-14 16:15:16 [scrapy.core.engine] DEBUG: Crawled (200) <GET https://bz.apache.org/bugzilla/show_bug.cgi?ctype=xml&id=61115> (referer: None)
2018-11-14 16:15:16 [root] INFO: Insert https://bz.apache.org/bugzilla/show_bug.cgi?ctype=xml&id=61115 complete.
2018-11-14 16:15:20 [scrapy.core.engine] DEBUG: Crawled (200) <GET https://bz.apache.org/bugzilla/show_bug.cgi?ctype=xml&id=61137> (referer: None)
2018-11-14 16:15:20 [root] INFO: Insert https://bz.apache.org/bugzilla/show_bug.cgi?ctype=xml&id=61137 complete.
2018-11-14 16:15:24 [scrapy.core.engine] DEBUG: Crawled (200) <GET https://bz.apache.org/bugzilla/show_bug.cgi?ctype=xml&id=61145> (referer: None)
2018-11-14 16:15:24 [root] INFO: Insert https://bz.apache.org/bugzilla/show_bug.cgi?ctype=xml&id=61145 complete.
2018-11-14 16:15:28 [scrapy.core.engine] DEBUG: Crawled (200) <GET https://bz.apache.org/bugzilla/show_bug.cgi?ctype=xml&id=61146> (referer: None)
2018-11-14 16:15:28 [root] INFO: Insert https://bz.apache.org/bugzilla/show_bug.cgi?ctype=xml&id=61146 complete.
2018-11-14 16:15:32 [scrapy.core.engine] DEBUG: Crawled (200) <GET https://bz.apache.org/bugzilla/show_bug.cgi?ctype=xml&id=61191> (referer: None)
2018-11-14 16:15:32 [root] INFO: Insert https://bz.apache.org/bugzilla/show_bug.cgi?ctype=xml&id=61191 complete.
2018-11-14 16:15:32 [scrapy.extensions.logstats] INFO: Crawled 99 pages (at 17 pages/min), scraped 0 items (at 0 items/min)
2018-11-14 16:15:35 [scrapy.core.engine] DEBUG: Crawled (200) <GET https://bz.apache.org/bugzilla/show_bug.cgi?ctype=xml&id=61105> (referer: None)
2018-11-14 16:15:36 [root] INFO: Insert https://bz.apache.org/bugzilla/show_bug.cgi?ctype=xml&id=61105 complete.
2018-11-14 16:15:39 [scrapy.core.engine] DEBUG: Crawled (200) <GET https://bz.apache.org/bugzilla/show_bug.cgi?ctype=xml&id=61128> (referer: None)
2018-11-14 16:15:39 [root] INFO: Insert https://bz.apache.org/bugzilla/show_bug.cgi?ctype=xml&id=61128 complete.
2018-11-14 16:15:43 [scrapy.core.engine] DEBUG: Crawled (200) <GET https://bz.apache.org/bugzilla/show_bug.cgi?ctype=xml&id=61214> (referer: None)
2018-11-14 16:15:43 [root] INFO: Insert https://bz.apache.org/bugzilla/show_bug.cgi?ctype=xml&id=61214 complete.
2018-11-14 16:15:47 [scrapy.core.engine] DEBUG: Crawled (200) <GET https://bz.apache.org/bugzilla/show_bug.cgi?ctype=xml&id=61215> (referer: None)
2018-11-14 16:15:47 [root] INFO: Insert https://bz.apache.org/bugzilla/show_bug.cgi?ctype=xml&id=61215 complete.
2018-11-14 16:15:51 [scrapy.core.engine] DEBUG: Crawled (200) <GET https://bz.apache.org/bugzilla/show_bug.cgi?ctype=xml&id=61216> (referer: None)
2018-11-14 16:15:51 [root] INFO: Insert https://bz.apache.org/bugzilla/show_bug.cgi?ctype=xml&id=61216 complete.
2018-11-14 16:15:55 [scrapy.core.engine] DEBUG: Crawled (200) <GET https://bz.apache.org/bugzilla/show_bug.cgi?ctype=xml&id=61224> (referer: None)
2018-11-14 16:15:55 [root] INFO: Insert https://bz.apache.org/bugzilla/show_bug.cgi?ctype=xml&id=61224 complete.
2018-11-14 16:15:59 [scrapy.core.engine] DEBUG: Crawled (200) <GET https://bz.apache.org/bugzilla/show_bug.cgi?ctype=xml&id=61247> (referer: None)
2018-11-14 16:15:59 [root] INFO: Insert https://bz.apache.org/bugzilla/show_bug.cgi?ctype=xml&id=61247 complete.
2018-11-14 16:16:03 [scrapy.core.engine] DEBUG: Crawled (200) <GET https://bz.apache.org/bugzilla/show_bug.cgi?ctype=xml&id=61282> (referer: None)
2018-11-14 16:16:03 [root] INFO: Insert https://bz.apache.org/bugzilla/show_bug.cgi?ctype=xml&id=61282 complete.
2018-11-14 16:16:05 [scrapy.core.engine] DEBUG: Crawled (200) <GET https://bz.apache.org/bugzilla/show_bug.cgi?ctype=xml&id=61304> (referer: None)
2018-11-14 16:16:06 [root] INFO: Insert https://bz.apache.org/bugzilla/show_bug.cgi?ctype=xml&id=61304 complete.
2018-11-14 16:16:10 [scrapy.core.engine] DEBUG: Crawled (200) <GET https://bz.apache.org/bugzilla/show_bug.cgi?ctype=xml&id=61345> (referer: None)
2018-11-14 16:16:10 [root] INFO: Insert https://bz.apache.org/bugzilla/show_bug.cgi?ctype=xml&id=61345 complete.
2018-11-14 16:16:14 [scrapy.core.engine] DEBUG: Crawled (200) <GET https://bz.apache.org/bugzilla/show_bug.cgi?ctype=xml&id=61164> (referer: None)
2018-11-14 16:16:14 [root] INFO: Insert https://bz.apache.org/bugzilla/show_bug.cgi?ctype=xml&id=61164 complete.
2018-11-14 16:16:19 [scrapy.core.engine] DEBUG: Crawled (200) <GET https://bz.apache.org/bugzilla/show_bug.cgi?ctype=xml&id=58588> (referer: None)
2018-11-14 16:16:19 [root] INFO: Insert https://bz.apache.org/bugzilla/show_bug.cgi?ctype=xml&id=58588 complete.
2018-11-14 16:16:22 [scrapy.core.engine] DEBUG: Crawled (200) <GET https://bz.apache.org/bugzilla/show_bug.cgi?ctype=xml&id=61414> (referer: None)
2018-11-14 16:16:22 [root] INFO: Insert https://bz.apache.org/bugzilla/show_bug.cgi?ctype=xml&id=61414 complete.
2018-11-14 16:16:25 [scrapy.core.engine] DEBUG: Crawled (200) <GET https://bz.apache.org/bugzilla/show_bug.cgi?ctype=xml&id=61447> (referer: None)
2018-11-14 16:16:25 [root] INFO: Insert https://bz.apache.org/bugzilla/show_bug.cgi?ctype=xml&id=61447 complete.
2018-11-14 16:16:28 [scrapy.core.engine] DEBUG: Crawled (200) <GET https://bz.apache.org/bugzilla/show_bug.cgi?ctype=xml&id=61393> (referer: None)
2018-11-14 16:16:28 [root] INFO: Insert https://bz.apache.org/bugzilla/show_bug.cgi?ctype=xml&id=61393 complete.
2018-11-14 16:16:32 [scrapy.extensions.logstats] INFO: Crawled 114 pages (at 15 pages/min), scraped 0 items (at 0 items/min)
2018-11-14 16:16:32 [scrapy.core.engine] DEBUG: Crawled (200) <GET https://bz.apache.org/bugzilla/show_bug.cgi?ctype=xml&id=61280> (referer: None)
2018-11-14 16:16:32 [root] INFO: Insert https://bz.apache.org/bugzilla/show_bug.cgi?ctype=xml&id=61280 complete.
2018-11-14 16:16:35 [scrapy.core.engine] DEBUG: Crawled (200) <GET https://bz.apache.org/bugzilla/show_bug.cgi?ctype=xml&id=60523> (referer: None)
2018-11-14 16:16:35 [root] INFO: Insert https://bz.apache.org/bugzilla/show_bug.cgi?ctype=xml&id=60523 complete.
2018-11-14 16:16:39 [scrapy.core.engine] DEBUG: Crawled (200) <GET https://bz.apache.org/bugzilla/show_bug.cgi?ctype=xml&id=61201> (referer: None)
2018-11-14 16:16:39 [root] INFO: Insert https://bz.apache.org/bugzilla/show_bug.cgi?ctype=xml&id=61201 complete.
2018-11-14 16:16:46 [scrapy.core.engine] DEBUG: Crawled (200) <GET https://bz.apache.org/bugzilla/show_bug.cgi?ctype=xml&id=61189> (referer: None)
2018-11-14 16:16:46 [scrapy.core.engine] DEBUG: Crawled (200) <GET https://bz.apache.org/bugzilla/show_bug.cgi?ctype=xml&id=61394> (referer: None)
2018-11-14 16:16:46 [root] INFO: Insert https://bz.apache.org/bugzilla/show_bug.cgi?ctype=xml&id=61189 complete.
2018-11-14 16:16:46 [root] INFO: Insert https://bz.apache.org/bugzilla/show_bug.cgi?ctype=xml&id=61394 complete.
2018-11-14 16:16:50 [scrapy.core.engine] DEBUG: Crawled (200) <GET https://bz.apache.org/bugzilla/show_bug.cgi?ctype=xml&id=61489> (referer: None)
2018-11-14 16:16:50 [root] INFO: Insert https://bz.apache.org/bugzilla/show_bug.cgi?ctype=xml&id=61489 complete.
2018-11-14 16:16:54 [scrapy.core.engine] DEBUG: Crawled (200) <GET https://bz.apache.org/bugzilla/show_bug.cgi?ctype=xml&id=61526> (referer: None)
2018-11-14 16:16:54 [root] INFO: Insert https://bz.apache.org/bugzilla/show_bug.cgi?ctype=xml&id=61526 complete.
2018-11-14 16:16:58 [scrapy.core.engine] DEBUG: Crawled (200) <GET https://bz.apache.org/bugzilla/show_bug.cgi?ctype=xml&id=61554> (referer: None)
2018-11-14 16:16:58 [root] INFO: Insert https://bz.apache.org/bugzilla/show_bug.cgi?ctype=xml&id=61554 complete.
2018-11-14 16:17:00 [scrapy.core.engine] DEBUG: Crawled (200) <GET https://bz.apache.org/bugzilla/show_bug.cgi?ctype=xml&id=61419> (referer: None)
2018-11-14 16:17:00 [root] INFO: Insert https://bz.apache.org/bugzilla/show_bug.cgi?ctype=xml&id=61419 complete.
2018-11-14 16:17:04 [scrapy.core.engine] DEBUG: Crawled (200) <GET https://bz.apache.org/bugzilla/show_bug.cgi?ctype=xml&id=61570> (referer: None)
2018-11-14 16:17:04 [root] INFO: Insert https://bz.apache.org/bugzilla/show_bug.cgi?ctype=xml&id=61570 complete.
2018-11-14 16:17:08 [scrapy.core.engine] DEBUG: Crawled (200) <GET https://bz.apache.org/bugzilla/show_bug.cgi?ctype=xml&id=61590> (referer: None)
2018-11-14 16:17:08 [root] INFO: Insert https://bz.apache.org/bugzilla/show_bug.cgi?ctype=xml&id=61590 complete.
2018-11-14 16:17:11 [scrapy.core.engine] DEBUG: Crawled (200) <GET https://bz.apache.org/bugzilla/show_bug.cgi?ctype=xml&id=61604> (referer: None)
2018-11-14 16:17:11 [root] INFO: Insert https://bz.apache.org/bugzilla/show_bug.cgi?ctype=xml&id=61604 complete.
2018-11-14 16:17:14 [scrapy.core.engine] DEBUG: Crawled (200) <GET https://bz.apache.org/bugzilla/show_bug.cgi?ctype=xml&id=61598> (referer: None)
2018-11-14 16:17:14 [root] INFO: Insert https://bz.apache.org/bugzilla/show_bug.cgi?ctype=xml&id=61598 complete.
2018-11-14 16:17:17 [scrapy.core.engine] DEBUG: Crawled (200) <GET https://bz.apache.org/bugzilla/show_bug.cgi?ctype=xml&id=61597> (referer: None)
2018-11-14 16:17:17 [root] INFO: Insert https://bz.apache.org/bugzilla/show_bug.cgi?ctype=xml&id=61597 complete.
2018-11-14 16:17:20 [scrapy.core.engine] DEBUG: Crawled (200) <GET https://bz.apache.org/bugzilla/show_bug.cgi?ctype=xml&id=61614> (referer: None)
2018-11-14 16:17:20 [root] INFO: Insert https://bz.apache.org/bugzilla/show_bug.cgi?ctype=xml&id=61614 complete.
2018-11-14 16:17:23 [scrapy.core.engine] DEBUG: Crawled (200) <GET https://bz.apache.org/bugzilla/show_bug.cgi?ctype=xml&id=61601> (referer: None)
2018-11-14 16:17:24 [root] INFO: Insert https://bz.apache.org/bugzilla/show_bug.cgi?ctype=xml&id=61601 complete.
2018-11-14 16:17:28 [scrapy.core.engine] DEBUG: Crawled (200) <GET https://bz.apache.org/bugzilla/show_bug.cgi?ctype=xml&id=57767> (referer: None)
2018-11-14 16:17:28 [root] INFO: Insert https://bz.apache.org/bugzilla/show_bug.cgi?ctype=xml&id=57767 complete.
2018-11-14 16:17:30 [scrapy.core.engine] DEBUG: Crawled (200) <GET https://bz.apache.org/bugzilla/show_bug.cgi?ctype=xml&id=61681> (referer: None)
2018-11-14 16:17:30 [root] INFO: Insert https://bz.apache.org/bugzilla/show_bug.cgi?ctype=xml&id=61681 complete.
2018-11-14 16:17:32 [scrapy.extensions.logstats] INFO: Crawled 132 pages (at 18 pages/min), scraped 0 items (at 0 items/min)
2018-11-14 16:17:32 [scrapy.core.engine] DEBUG: Crawled (200) <GET https://bz.apache.org/bugzilla/show_bug.cgi?ctype=xml&id=61719> (referer: None)
2018-11-14 16:17:32 [root] INFO: Insert https://bz.apache.org/bugzilla/show_bug.cgi?ctype=xml&id=61719 complete.
2018-11-14 16:17:35 [scrapy.core.engine] DEBUG: Crawled (200) <GET https://bz.apache.org/bugzilla/show_bug.cgi?ctype=xml&id=58988> (referer: None)
2018-11-14 16:17:35 [root] INFO: Insert https://bz.apache.org/bugzilla/show_bug.cgi?ctype=xml&id=58988 complete.
2018-11-14 16:17:38 [scrapy.core.engine] DEBUG: Crawled (200) <GET https://bz.apache.org/bugzilla/show_bug.cgi?ctype=xml&id=61673> (referer: None)
2018-11-14 16:17:38 [root] INFO: Insert https://bz.apache.org/bugzilla/show_bug.cgi?ctype=xml&id=61673 complete.
2018-11-14 16:17:47 [scrapy.core.engine] DEBUG: Crawled (200) <GET https://bz.apache.org/bugzilla/show_bug.cgi?ctype=xml&id=61658> (referer: None)
2018-11-14 16:17:47 [root] INFO: Insert https://bz.apache.org/bugzilla/show_bug.cgi?ctype=xml&id=61658 complete.
2018-11-14 16:17:47 [scrapy.core.engine] DEBUG: Crawled (200) <GET https://bz.apache.org/bugzilla/show_bug.cgi?ctype=xml&id=61740> (referer: None)
2018-11-14 16:17:47 [root] INFO: Insert https://bz.apache.org/bugzilla/show_bug.cgi?ctype=xml&id=61740 complete.
2018-11-14 16:17:50 [scrapy.core.engine] DEBUG: Crawled (200) <GET https://bz.apache.org/bugzilla/show_bug.cgi?ctype=xml&id=61599> (referer: None)
2018-11-14 16:17:50 [root] INFO: Insert https://bz.apache.org/bugzilla/show_bug.cgi?ctype=xml&id=61599 complete.
2018-11-14 16:17:53 [scrapy.core.engine] DEBUG: Crawled (200) <GET https://bz.apache.org/bugzilla/show_bug.cgi?ctype=xml&id=61600> (referer: None)
2018-11-14 16:17:53 [root] INFO: Insert https://bz.apache.org/bugzilla/show_bug.cgi?ctype=xml&id=61600 complete.
2018-11-14 16:17:57 [scrapy.core.engine] DEBUG: Crawled (200) <GET https://bz.apache.org/bugzilla/show_bug.cgi?ctype=xml&id=61682> (referer: None)
2018-11-14 16:17:58 [root] INFO: Insert https://bz.apache.org/bugzilla/show_bug.cgi?ctype=xml&id=61682 complete.
2018-11-14 16:18:01 [scrapy.core.engine] DEBUG: Crawled (200) <GET https://bz.apache.org/bugzilla/show_bug.cgi?ctype=xml&id=61223> (referer: None)
2018-11-14 16:18:01 [root] INFO: Insert https://bz.apache.org/bugzilla/show_bug.cgi?ctype=xml&id=61223 complete.
2018-11-14 16:18:05 [scrapy.core.engine] DEBUG: Crawled (200) <GET https://bz.apache.org/bugzilla/show_bug.cgi?ctype=xml&id=59179> (referer: None)
2018-11-14 16:18:05 [root] INFO: Insert https://bz.apache.org/bugzilla/show_bug.cgi?ctype=xml&id=59179 complete.
2018-11-14 16:18:12 [scrapy.core.engine] DEBUG: Crawled (200) <GET https://bz.apache.org/bugzilla/show_bug.cgi?ctype=xml&id=61566> (referer: None)
2018-11-14 16:18:12 [root] INFO: Insert https://bz.apache.org/bugzilla/show_bug.cgi?ctype=xml&id=61566 complete.
2018-11-14 16:18:13 [scrapy.core.engine] DEBUG: Crawled (200) <GET https://bz.apache.org/bugzilla/show_bug.cgi?ctype=xml&id=61854> (referer: None)
2018-11-14 16:18:13 [root] INFO: Insert https://bz.apache.org/bugzilla/show_bug.cgi?ctype=xml&id=61854 complete.
2018-11-14 16:18:15 [scrapy.core.engine] DEBUG: Crawled (200) <GET https://bz.apache.org/bugzilla/show_bug.cgi?ctype=xml&id=61924> (referer: None)
2018-11-14 16:18:15 [root] INFO: Insert https://bz.apache.org/bugzilla/show_bug.cgi?ctype=xml&id=61924 complete.
2018-11-14 16:18:19 [scrapy.core.engine] DEBUG: Crawled (200) <GET https://bz.apache.org/bugzilla/show_bug.cgi?ctype=xml&id=61914> (referer: None)
2018-11-14 16:18:19 [root] INFO: Insert https://bz.apache.org/bugzilla/show_bug.cgi?ctype=xml&id=61914 complete.
2018-11-14 16:18:30 [scrapy.core.engine] DEBUG: Crawled (200) <GET https://bz.apache.org/bugzilla/show_bug.cgi?ctype=xml&id=61945> (referer: None)
2018-11-14 16:18:30 [root] INFO: Insert https://bz.apache.org/bugzilla/show_bug.cgi?ctype=xml&id=61945 complete.
2018-11-14 16:18:30 [scrapy.core.engine] DEBUG: Crawled (200) <GET https://bz.apache.org/bugzilla/show_bug.cgi?ctype=xml&id=61948> (referer: None)
2018-11-14 16:18:31 [root] INFO: Insert https://bz.apache.org/bugzilla/show_bug.cgi?ctype=xml&id=61948 complete.
2018-11-14 16:18:32 [scrapy.extensions.logstats] INFO: Crawled 148 pages (at 16 pages/min), scraped 0 items (at 0 items/min)
2018-11-14 16:18:34 [scrapy.core.engine] DEBUG: Crawled (200) <GET https://bz.apache.org/bugzilla/show_bug.cgi?ctype=xml&id=62002> (referer: None)
2018-11-14 16:18:34 [root] INFO: Insert https://bz.apache.org/bugzilla/show_bug.cgi?ctype=xml&id=62002 complete.
2018-11-14 16:18:38 [scrapy.core.engine] DEBUG: Crawled (200) <GET https://bz.apache.org/bugzilla/show_bug.cgi?ctype=xml&id=62033> (referer: None)
2018-11-14 16:18:39 [root] INFO: Insert https://bz.apache.org/bugzilla/show_bug.cgi?ctype=xml&id=62033 complete.
2018-11-14 16:18:40 [scrapy.core.engine] DEBUG: Crawled (200) <GET https://bz.apache.org/bugzilla/show_bug.cgi?ctype=xml&id=62032> (referer: None)
2018-11-14 16:18:40 [root] INFO: Insert https://bz.apache.org/bugzilla/show_bug.cgi?ctype=xml&id=62032 complete.
2018-11-14 16:18:45 [scrapy.core.engine] DEBUG: Crawled (200) <GET https://bz.apache.org/bugzilla/show_bug.cgi?ctype=xml&id=62028> (referer: None)
2018-11-14 16:18:45 [root] INFO: Insert https://bz.apache.org/bugzilla/show_bug.cgi?ctype=xml&id=62028 complete.
2018-11-14 16:18:46 [scrapy.core.engine] DEBUG: Crawled (200) <GET https://bz.apache.org/bugzilla/show_bug.cgi?ctype=xml&id=62049> (referer: None)
2018-11-14 16:18:46 [root] INFO: Insert https://bz.apache.org/bugzilla/show_bug.cgi?ctype=xml&id=62049 complete.
2018-11-14 16:18:50 [scrapy.core.engine] DEBUG: Crawled (200) <GET https://bz.apache.org/bugzilla/show_bug.cgi?ctype=xml&id=62053> (referer: None)
2018-11-14 16:18:50 [root] INFO: Insert https://bz.apache.org/bugzilla/show_bug.cgi?ctype=xml&id=62053 complete.
2018-11-14 16:18:53 [scrapy.core.engine] DEBUG: Crawled (200) <GET https://bz.apache.org/bugzilla/show_bug.cgi?ctype=xml&id=61683> (referer: None)
2018-11-14 16:18:54 [root] INFO: Insert https://bz.apache.org/bugzilla/show_bug.cgi?ctype=xml&id=61683 complete.
2018-11-14 16:18:58 [scrapy.core.engine] DEBUG: Crawled (200) <GET https://bz.apache.org/bugzilla/show_bug.cgi?ctype=xml&id=48672> (referer: None)
2018-11-14 16:18:58 [root] INFO: Insert https://bz.apache.org/bugzilla/show_bug.cgi?ctype=xml&id=48672 complete.
2018-11-14 16:19:01 [scrapy.core.engine] DEBUG: Crawled (200) <GET https://bz.apache.org/bugzilla/show_bug.cgi?ctype=xml&id=62090> (referer: None)
2018-11-14 16:19:01 [root] INFO: Insert https://bz.apache.org/bugzilla/show_bug.cgi?ctype=xml&id=62090 complete.
2018-11-14 16:19:04 [scrapy.core.engine] DEBUG: Crawled (200) <GET https://bz.apache.org/bugzilla/show_bug.cgi?ctype=xml&id=62123> (referer: None)
2018-11-14 16:19:05 [root] INFO: Insert https://bz.apache.org/bugzilla/show_bug.cgi?ctype=xml&id=62123 complete.
2018-11-14 16:19:08 [scrapy.core.engine] DEBUG: Crawled (200) <GET https://bz.apache.org/bugzilla/show_bug.cgi?ctype=xml&id=47467> (referer: None)
2018-11-14 16:19:08 [root] INFO: Insert https://bz.apache.org/bugzilla/show_bug.cgi?ctype=xml&id=47467 complete.
2018-11-14 16:19:12 [scrapy.core.engine] DEBUG: Crawled (200) <GET https://bz.apache.org/bugzilla/show_bug.cgi?ctype=xml&id=62154> (referer: None)
2018-11-14 16:19:12 [root] INFO: Insert https://bz.apache.org/bugzilla/show_bug.cgi?ctype=xml&id=62154 complete.
2018-11-14 16:19:15 [scrapy.core.engine] DEBUG: Crawled (200) <GET https://bz.apache.org/bugzilla/show_bug.cgi?ctype=xml&id=62160> (referer: None)
2018-11-14 16:19:16 [root] INFO: Insert https://bz.apache.org/bugzilla/show_bug.cgi?ctype=xml&id=62160 complete.
2018-11-14 16:19:17 [scrapy.core.engine] DEBUG: Crawled (200) <GET https://bz.apache.org/bugzilla/show_bug.cgi?ctype=xml&id=62168> (referer: None)
2018-11-14 16:19:17 [root] INFO: Insert https://bz.apache.org/bugzilla/show_bug.cgi?ctype=xml&id=62168 complete.
2018-11-14 16:19:28 [scrapy.core.engine] DEBUG: Crawled (200) <GET https://bz.apache.org/bugzilla/show_bug.cgi?ctype=xml&id=62253> (referer: None)
2018-11-14 16:19:28 [root] INFO: Insert https://bz.apache.org/bugzilla/show_bug.cgi?ctype=xml&id=62253 complete.
2018-11-14 16:19:28 [scrapy.core.engine] DEBUG: Crawled (200) <GET https://bz.apache.org/bugzilla/show_bug.cgi?ctype=xml&id=62175> (referer: None)
2018-11-14 16:19:28 [root] INFO: Insert https://bz.apache.org/bugzilla/show_bug.cgi?ctype=xml&id=62175 complete.
2018-11-14 16:19:30 [scrapy.core.engine] DEBUG: Crawled (200) <GET https://bz.apache.org/bugzilla/show_bug.cgi?ctype=xml&id=62177> (referer: None)
2018-11-14 16:19:30 [root] INFO: Insert https://bz.apache.org/bugzilla/show_bug.cgi?ctype=xml&id=62177 complete.
2018-11-14 16:19:31 [scrapy.core.engine] DEBUG: Crawled (200) <GET https://bz.apache.org/bugzilla/show_bug.cgi?ctype=xml&id=62263> (referer: None)
2018-11-14 16:19:31 [root] INFO: Insert https://bz.apache.org/bugzilla/show_bug.cgi?ctype=xml&id=62263 complete.
2018-11-14 16:19:32 [scrapy.extensions.logstats] INFO: Crawled 166 pages (at 18 pages/min), scraped 0 items (at 0 items/min)
2018-11-14 16:19:34 [scrapy.core.engine] DEBUG: Crawled (200) <GET https://bz.apache.org/bugzilla/show_bug.cgi?ctype=xml&id=62163> (referer: None)
2018-11-14 16:19:35 [root] INFO: Insert https://bz.apache.org/bugzilla/show_bug.cgi?ctype=xml&id=62163 complete.
2018-11-14 16:19:39 [scrapy.core.engine] DEBUG: Crawled (200) <GET https://bz.apache.org/bugzilla/show_bug.cgi?ctype=xml&id=62297> (referer: None)
2018-11-14 16:19:39 [root] INFO: Insert https://bz.apache.org/bugzilla/show_bug.cgi?ctype=xml&id=62297 complete.
2018-11-14 16:19:42 [scrapy.core.engine] DEBUG: Crawled (200) <GET https://bz.apache.org/bugzilla/show_bug.cgi?ctype=xml&id=62287> (referer: None)
2018-11-14 16:19:42 [root] INFO: Insert https://bz.apache.org/bugzilla/show_bug.cgi?ctype=xml&id=62287 complete.
2018-11-14 16:19:46 [scrapy.core.engine] DEBUG: Crawled (200) <GET https://bz.apache.org/bugzilla/show_bug.cgi?ctype=xml&id=62329> (referer: None)
2018-11-14 16:19:46 [root] INFO: Insert https://bz.apache.org/bugzilla/show_bug.cgi?ctype=xml&id=62329 complete.
2018-11-14 16:19:50 [scrapy.core.engine] DEBUG: Crawled (200) <GET https://bz.apache.org/bugzilla/show_bug.cgi?ctype=xml&id=62351> (referer: None)
2018-11-14 16:19:50 [root] INFO: Insert https://bz.apache.org/bugzilla/show_bug.cgi?ctype=xml&id=62351 complete.
2018-11-14 16:19:56 [scrapy.core.engine] DEBUG: Crawled (200) <GET https://bz.apache.org/bugzilla/show_bug.cgi?ctype=xml&id=62366> (referer: None)
2018-11-14 16:19:56 [root] INFO: Insert https://bz.apache.org/bugzilla/show_bug.cgi?ctype=xml&id=62366 complete.
2018-11-14 16:20:00 [scrapy.core.engine] DEBUG: Crawled (200) <GET https://bz.apache.org/bugzilla/show_bug.cgi?ctype=xml&id=62387> (referer: None)
2018-11-14 16:20:00 [root] INFO: Insert https://bz.apache.org/bugzilla/show_bug.cgi?ctype=xml&id=62387 complete.
2018-11-14 16:20:02 [scrapy.core.engine] DEBUG: Crawled (200) <GET https://bz.apache.org/bugzilla/show_bug.cgi?ctype=xml&id=62358> (referer: None)
2018-11-14 16:20:05 [root] INFO: Insert https://bz.apache.org/bugzilla/show_bug.cgi?ctype=xml&id=62358 complete.
2018-11-14 16:20:05 [scrapy.core.engine] DEBUG: Crawled (200) <GET https://bz.apache.org/bugzilla/show_bug.cgi?ctype=xml&id=62392> (referer: None)
2018-11-14 16:20:05 [root] INFO: Insert https://bz.apache.org/bugzilla/show_bug.cgi?ctype=xml&id=62392 complete.
2018-11-14 16:20:07 [scrapy.core.engine] DEBUG: Crawled (200) <GET https://bz.apache.org/bugzilla/show_bug.cgi?ctype=xml&id=62404> (referer: None)
2018-11-14 16:20:07 [root] INFO: Insert https://bz.apache.org/bugzilla/show_bug.cgi?ctype=xml&id=62404 complete.
2018-11-14 16:20:11 [scrapy.core.engine] DEBUG: Crawled (200) <GET https://bz.apache.org/bugzilla/show_bug.cgi?ctype=xml&id=62080> (referer: None)
2018-11-14 16:20:11 [root] INFO: Insert https://bz.apache.org/bugzilla/show_bug.cgi?ctype=xml&id=62080 complete.
2018-11-14 16:20:16 [scrapy.core.engine] DEBUG: Crawled (200) <GET https://bz.apache.org/bugzilla/show_bug.cgi?ctype=xml&id=62371> (referer: None)
2018-11-14 16:20:16 [root] INFO: Insert https://bz.apache.org/bugzilla/show_bug.cgi?ctype=xml&id=62371 complete.
2018-11-14 16:20:17 [scrapy.core.engine] DEBUG: Crawled (200) <GET https://bz.apache.org/bugzilla/show_bug.cgi?ctype=xml&id=62461> (referer: None)
2018-11-14 16:20:17 [root] INFO: Insert https://bz.apache.org/bugzilla/show_bug.cgi?ctype=xml&id=62461 complete.
2018-11-14 16:20:21 [scrapy.core.engine] DEBUG: Crawled (200) <GET https://bz.apache.org/bugzilla/show_bug.cgi?ctype=xml&id=62471> (referer: None)
2018-11-14 16:20:21 [root] INFO: Insert https://bz.apache.org/bugzilla/show_bug.cgi?ctype=xml&id=62471 complete.
2018-11-14 16:20:25 [scrapy.core.engine] DEBUG: Crawled (200) <GET https://bz.apache.org/bugzilla/show_bug.cgi?ctype=xml&id=62472> (referer: None)
2018-11-14 16:20:25 [root] INFO: Insert https://bz.apache.org/bugzilla/show_bug.cgi?ctype=xml&id=62472 complete.
2018-11-14 16:20:29 [scrapy.core.engine] DEBUG: Crawled (200) <GET https://bz.apache.org/bugzilla/show_bug.cgi?ctype=xml&id=62476> (referer: None)
2018-11-14 16:20:29 [root] INFO: Insert https://bz.apache.org/bugzilla/show_bug.cgi?ctype=xml&id=62476 complete.
2018-11-14 16:20:32 [scrapy.extensions.logstats] INFO: Crawled 182 pages (at 16 pages/min), scraped 0 items (at 0 items/min)
2018-11-14 16:20:33 [scrapy.core.engine] DEBUG: Crawled (200) <GET https://bz.apache.org/bugzilla/show_bug.cgi?ctype=xml&id=62479> (referer: None)
2018-11-14 16:20:33 [root] INFO: Insert https://bz.apache.org/bugzilla/show_bug.cgi?ctype=xml&id=62479 complete.
2018-11-14 16:20:36 [scrapy.core.engine] DEBUG: Crawled (200) <GET https://bz.apache.org/bugzilla/show_bug.cgi?ctype=xml&id=62494> (referer: None)
2018-11-14 16:20:37 [root] INFO: Insert https://bz.apache.org/bugzilla/show_bug.cgi?ctype=xml&id=62494 complete.
2018-11-14 16:20:39 [scrapy.core.engine] DEBUG: Crawled (200) <GET https://bz.apache.org/bugzilla/show_bug.cgi?ctype=xml&id=61565> (referer: None)
2018-11-14 16:20:39 [root] INFO: Insert https://bz.apache.org/bugzilla/show_bug.cgi?ctype=xml&id=61565 complete.
2018-11-14 16:20:42 [scrapy.core.engine] DEBUG: Crawled (200) <GET https://bz.apache.org/bugzilla/show_bug.cgi?ctype=xml&id=62501> (referer: None)
2018-11-14 16:20:42 [root] INFO: Insert https://bz.apache.org/bugzilla/show_bug.cgi?ctype=xml&id=62501 complete.
2018-11-14 16:20:46 [scrapy.core.engine] DEBUG: Crawled (200) <GET https://bz.apache.org/bugzilla/show_bug.cgi?ctype=xml&id=62500> (referer: None)
2018-11-14 16:20:46 [root] INFO: Insert https://bz.apache.org/bugzilla/show_bug.cgi?ctype=xml&id=62500 complete.
2018-11-14 16:20:50 [scrapy.core.engine] DEBUG: Crawled (200) <GET https://bz.apache.org/bugzilla/show_bug.cgi?ctype=xml&id=62258> (referer: None)
2018-11-14 16:20:50 [root] INFO: Insert https://bz.apache.org/bugzilla/show_bug.cgi?ctype=xml&id=62258 complete.
2018-11-14 16:20:56 [scrapy.core.engine] DEBUG: Crawled (200) <GET https://bz.apache.org/bugzilla/show_bug.cgi?ctype=xml&id=62453> (referer: None)
2018-11-14 16:20:57 [root] INFO: Insert https://bz.apache.org/bugzilla/show_bug.cgi?ctype=xml&id=62453 complete.
2018-11-14 16:20:58 [scrapy.core.engine] DEBUG: Crawled (200) <GET https://bz.apache.org/bugzilla/show_bug.cgi?ctype=xml&id=62523> (referer: None)
2018-11-14 16:20:58 [root] INFO: Insert https://bz.apache.org/bugzilla/show_bug.cgi?ctype=xml&id=62523 complete.
2018-11-14 16:21:01 [scrapy.core.engine] DEBUG: Crawled (200) <GET https://bz.apache.org/bugzilla/show_bug.cgi?ctype=xml&id=62538> (referer: None)
2018-11-14 16:21:01 [root] INFO: Insert https://bz.apache.org/bugzilla/show_bug.cgi?ctype=xml&id=62538 complete.
2018-11-14 16:21:05 [scrapy.core.engine] DEBUG: Crawled (200) <GET https://bz.apache.org/bugzilla/show_bug.cgi?ctype=xml&id=62579> (referer: None)
2018-11-14 16:21:05 [root] INFO: Insert https://bz.apache.org/bugzilla/show_bug.cgi?ctype=xml&id=62579 complete.
2018-11-14 16:21:07 [scrapy.core.engine] DEBUG: Crawled (200) <GET https://bz.apache.org/bugzilla/show_bug.cgi?ctype=xml&id=62580> (referer: None)
2018-11-14 16:21:07 [root] INFO: Insert https://bz.apache.org/bugzilla/show_bug.cgi?ctype=xml&id=62580 complete.
2018-11-14 16:21:11 [scrapy.core.engine] DEBUG: Crawled (200) <GET https://bz.apache.org/bugzilla/show_bug.cgi?ctype=xml&id=62558> (referer: None)
2018-11-14 16:21:11 [root] INFO: Insert https://bz.apache.org/bugzilla/show_bug.cgi?ctype=xml&id=62558 complete.
2018-11-14 16:21:14 [scrapy.core.engine] DEBUG: Crawled (200) <GET https://bz.apache.org/bugzilla/show_bug.cgi?ctype=xml&id=62569> (referer: None)
2018-11-14 16:21:14 [root] INFO: Insert https://bz.apache.org/bugzilla/show_bug.cgi?ctype=xml&id=62569 complete.
2018-11-14 16:21:18 [scrapy.core.engine] DEBUG: Crawled (200) <GET https://bz.apache.org/bugzilla/show_bug.cgi?ctype=xml&id=62607> (referer: None)
2018-11-14 16:21:18 [root] INFO: Insert https://bz.apache.org/bugzilla/show_bug.cgi?ctype=xml&id=62607 complete.
2018-11-14 16:21:20 [scrapy.downloadermiddlewares.retry] DEBUG: Retrying <GET https://bz.apache.org/bugzilla/show_bug.cgi?ctype=xml&id=61930> (failed 1 times): User timeout caused connection failure: Getting https://bz.apache.org/bugzilla/show_bug.cgi?ctype=xml&id=61930 took longer than 180.0 seconds..
2018-11-14 16:21:21 [scrapy.core.engine] DEBUG: Crawled (200) <GET https://bz.apache.org/bugzilla/show_bug.cgi?ctype=xml&id=62605> (referer: None)
2018-11-14 16:21:21 [root] INFO: Insert https://bz.apache.org/bugzilla/show_bug.cgi?ctype=xml&id=62605 complete.
2018-11-14 16:21:25 [scrapy.core.engine] DEBUG: Crawled (200) <GET https://bz.apache.org/bugzilla/show_bug.cgi?ctype=xml&id=62614> (referer: None)
2018-11-14 16:21:25 [root] INFO: Insert https://bz.apache.org/bugzilla/show_bug.cgi?ctype=xml&id=62614 complete.
2018-11-14 16:21:26 [scrapy.core.engine] DEBUG: Crawled (200) <GET https://bz.apache.org/bugzilla/show_bug.cgi?ctype=xml&id=62620> (referer: None)
2018-11-14 16:21:26 [root] INFO: Insert https://bz.apache.org/bugzilla/show_bug.cgi?ctype=xml&id=62620 complete.
2018-11-14 16:21:29 [scrapy.core.engine] DEBUG: Crawled (200) <GET https://bz.apache.org/bugzilla/show_bug.cgi?ctype=xml&id=62582> (referer: None)
2018-11-14 16:21:30 [root] INFO: Insert https://bz.apache.org/bugzilla/show_bug.cgi?ctype=xml&id=62582 complete.
2018-11-14 16:21:32 [scrapy.extensions.logstats] INFO: Crawled 200 pages (at 18 pages/min), scraped 0 items (at 0 items/min)
2018-11-14 16:21:34 [scrapy.core.engine] DEBUG: Crawled (200) <GET https://bz.apache.org/bugzilla/show_bug.cgi?ctype=xml&id=62628> (referer: None)
2018-11-14 16:21:34 [root] INFO: Insert https://bz.apache.org/bugzilla/show_bug.cgi?ctype=xml&id=62628 complete.
2018-11-14 16:21:38 [scrapy.core.engine] DEBUG: Crawled (200) <GET https://bz.apache.org/bugzilla/show_bug.cgi?ctype=xml&id=62635> (referer: None)
2018-11-14 16:21:38 [root] INFO: Insert https://bz.apache.org/bugzilla/show_bug.cgi?ctype=xml&id=62635 complete.
2018-11-14 16:21:42 [scrapy.core.engine] DEBUG: Crawled (200) <GET https://bz.apache.org/bugzilla/show_bug.cgi?ctype=xml&id=62650> (referer: None)
2018-11-14 16:21:42 [root] INFO: Insert https://bz.apache.org/bugzilla/show_bug.cgi?ctype=xml&id=62650 complete.
2018-11-14 16:21:46 [scrapy.core.engine] DEBUG: Crawled (200) <GET https://bz.apache.org/bugzilla/show_bug.cgi?ctype=xml&id=62657> (referer: None)
2018-11-14 16:21:46 [root] INFO: Insert https://bz.apache.org/bugzilla/show_bug.cgi?ctype=xml&id=62657 complete.
2018-11-14 16:21:50 [scrapy.core.engine] DEBUG: Crawled (200) <GET https://bz.apache.org/bugzilla/show_bug.cgi?ctype=xml&id=62664> (referer: None)
2018-11-14 16:21:50 [root] INFO: Insert https://bz.apache.org/bugzilla/show_bug.cgi?ctype=xml&id=62664 complete.
2018-11-14 16:21:54 [scrapy.core.engine] DEBUG: Crawled (200) <GET https://bz.apache.org/bugzilla/show_bug.cgi?ctype=xml&id=62666> (referer: None)
2018-11-14 16:21:54 [root] INFO: Insert https://bz.apache.org/bugzilla/show_bug.cgi?ctype=xml&id=62666 complete.
2018-11-14 16:21:57 [scrapy.core.engine] DEBUG: Crawled (200) <GET https://bz.apache.org/bugzilla/show_bug.cgi?ctype=xml&id=62677> (referer: None)
2018-11-14 16:21:57 [root] INFO: Insert https://bz.apache.org/bugzilla/show_bug.cgi?ctype=xml&id=62677 complete.
2018-11-14 16:21:59 [scrapy.core.engine] DEBUG: Crawled (200) <GET https://bz.apache.org/bugzilla/show_bug.cgi?ctype=xml&id=62667> (referer: None)
2018-11-14 16:22:00 [root] INFO: Insert https://bz.apache.org/bugzilla/show_bug.cgi?ctype=xml&id=62667 complete.
2018-11-14 16:22:04 [scrapy.core.engine] DEBUG: Crawled (200) <GET https://bz.apache.org/bugzilla/show_bug.cgi?ctype=xml&id=62714> (referer: None)
2018-11-14 16:22:04 [root] INFO: Insert https://bz.apache.org/bugzilla/show_bug.cgi?ctype=xml&id=62714 complete.
2018-11-14 16:22:08 [scrapy.core.engine] DEBUG: Crawled (200) <GET https://bz.apache.org/bugzilla/show_bug.cgi?ctype=xml&id=61692> (referer: None)
2018-11-14 16:22:08 [root] INFO: Insert https://bz.apache.org/bugzilla/show_bug.cgi?ctype=xml&id=61692 complete.
2018-11-14 16:22:11 [scrapy.core.engine] DEBUG: Crawled (200) <GET https://bz.apache.org/bugzilla/show_bug.cgi?ctype=xml&id=62685> (referer: None)
2018-11-14 16:22:11 [root] INFO: Insert https://bz.apache.org/bugzilla/show_bug.cgi?ctype=xml&id=62685 complete.
2018-11-14 16:22:14 [scrapy.core.engine] DEBUG: Crawled (200) <GET https://bz.apache.org/bugzilla/show_bug.cgi?ctype=xml&id=61930> (referer: None)
2018-11-14 16:22:15 [root] INFO: Insert https://bz.apache.org/bugzilla/show_bug.cgi?ctype=xml&id=61930 complete.
2018-11-14 16:22:18 [scrapy.core.engine] DEBUG: Crawled (200) <GET https://bz.apache.org/bugzilla/show_bug.cgi?ctype=xml&id=58590> (referer: None)
2018-11-14 16:22:18 [root] INFO: Insert https://bz.apache.org/bugzilla/show_bug.cgi?ctype=xml&id=58590 complete.
2018-11-14 16:22:20 [scrapy.core.engine] DEBUG: Crawled (200) <GET https://bz.apache.org/bugzilla/show_bug.cgi?ctype=xml&id=61542> (referer: None)
2018-11-14 16:22:21 [root] INFO: Insert https://bz.apache.org/bugzilla/show_bug.cgi?ctype=xml&id=61542 complete.
2018-11-14 16:22:25 [scrapy.core.engine] DEBUG: Crawled (200) <GET https://bz.apache.org/bugzilla/show_bug.cgi?ctype=xml&id=62688> (referer: None)
2018-11-14 16:22:25 [root] INFO: Insert https://bz.apache.org/bugzilla/show_bug.cgi?ctype=xml&id=62688 complete.
2018-11-14 16:22:29 [scrapy.core.engine] DEBUG: Crawled (200) <GET https://bz.apache.org/bugzilla/show_bug.cgi?ctype=xml&id=62737> (referer: None)
2018-11-14 16:22:29 [root] INFO: Insert https://bz.apache.org/bugzilla/show_bug.cgi?ctype=xml&id=62737 complete.
2018-11-14 16:22:31 [scrapy.core.engine] DEBUG: Crawled (200) <GET https://bz.apache.org/bugzilla/show_bug.cgi?ctype=xml&id=62755> (referer: None)
2018-11-14 16:22:32 [root] INFO: Insert https://bz.apache.org/bugzilla/show_bug.cgi?ctype=xml&id=62755 complete.
2018-11-14 16:22:32 [scrapy.extensions.logstats] INFO: Crawled 217 pages (at 17 pages/min), scraped 0 items (at 0 items/min)
2018-11-14 16:22:34 [scrapy.core.engine] DEBUG: Crawled (200) <GET https://bz.apache.org/bugzilla/show_bug.cgi?ctype=xml&id=58238> (referer: None)
2018-11-14 16:22:34 [root] INFO: Insert https://bz.apache.org/bugzilla/show_bug.cgi?ctype=xml&id=58238 complete.
2018-11-14 16:22:37 [scrapy.core.engine] DEBUG: Crawled (200) <GET https://bz.apache.org/bugzilla/show_bug.cgi?ctype=xml&id=62731> (referer: None)
2018-11-14 16:22:37 [root] INFO: Insert https://bz.apache.org/bugzilla/show_bug.cgi?ctype=xml&id=62731 complete.
2018-11-14 16:22:41 [scrapy.core.engine] DEBUG: Crawled (200) <GET https://bz.apache.org/bugzilla/show_bug.cgi?ctype=xml&id=62792> (referer: None)
2018-11-14 16:22:41 [root] INFO: Insert https://bz.apache.org/bugzilla/show_bug.cgi?ctype=xml&id=62792 complete.
2018-11-14 16:22:45 [scrapy.core.engine] DEBUG: Crawled (200) <GET https://bz.apache.org/bugzilla/show_bug.cgi?ctype=xml&id=62761> (referer: None)
2018-11-14 16:22:45 [root] INFO: Insert https://bz.apache.org/bugzilla/show_bug.cgi?ctype=xml&id=62761 complete.
2018-11-14 16:22:48 [scrapy.core.engine] DEBUG: Crawled (200) <GET https://bz.apache.org/bugzilla/show_bug.cgi?ctype=xml&id=62803> (referer: None)
2018-11-14 16:22:48 [root] INFO: Insert https://bz.apache.org/bugzilla/show_bug.cgi?ctype=xml&id=62803 complete.
2018-11-14 16:22:51 [scrapy.core.engine] DEBUG: Crawled (200) <GET https://bz.apache.org/bugzilla/show_bug.cgi?ctype=xml&id=62794> (referer: None)
2018-11-14 16:22:52 [root] INFO: Insert https://bz.apache.org/bugzilla/show_bug.cgi?ctype=xml&id=62794 complete.
2018-11-14 16:22:55 [scrapy.core.engine] DEBUG: Crawled (200) <GET https://bz.apache.org/bugzilla/show_bug.cgi?ctype=xml&id=61127> (referer: None)
2018-11-14 16:22:56 [root] INFO: Insert https://bz.apache.org/bugzilla/show_bug.cgi?ctype=xml&id=61127 complete.
2018-11-14 16:22:59 [scrapy.core.engine] DEBUG: Crawled (200) <GET https://bz.apache.org/bugzilla/show_bug.cgi?ctype=xml&id=62817> (referer: None)
2018-11-14 16:23:00 [root] INFO: Insert https://bz.apache.org/bugzilla/show_bug.cgi?ctype=xml&id=62817 complete.
2018-11-14 16:23:04 [scrapy.core.engine] DEBUG: Crawled (200) <GET https://bz.apache.org/bugzilla/show_bug.cgi?ctype=xml&id=62797> (referer: None)
2018-11-14 16:23:04 [root] INFO: Insert https://bz.apache.org/bugzilla/show_bug.cgi?ctype=xml&id=62797 complete.
2018-11-14 16:23:07 [scrapy.core.engine] DEBUG: Crawled (200) <GET https://bz.apache.org/bugzilla/show_bug.cgi?ctype=xml&id=62791> (referer: None)
2018-11-14 16:23:07 [root] INFO: Insert https://bz.apache.org/bugzilla/show_bug.cgi?ctype=xml&id=62791 complete.
2018-11-14 16:23:12 [scrapy.core.engine] DEBUG: Crawled (200) <GET https://bz.apache.org/bugzilla/show_bug.cgi?ctype=xml&id=62809> (referer: None)
2018-11-14 16:23:12 [root] INFO: Insert https://bz.apache.org/bugzilla/show_bug.cgi?ctype=xml&id=62809 complete.
2018-11-14 16:23:20 [scrapy.core.engine] DEBUG: Crawled (200) <GET https://bz.apache.org/bugzilla/show_bug.cgi?ctype=xml&id=62830> (referer: None)
2018-11-14 16:23:20 [root] INFO: Insert https://bz.apache.org/bugzilla/show_bug.cgi?ctype=xml&id=62830 complete.
2018-11-14 16:23:21 [scrapy.core.engine] DEBUG: Crawled (200) <GET https://bz.apache.org/bugzilla/show_bug.cgi?ctype=xml&id=62844> (referer: None)
2018-11-14 16:23:22 [root] INFO: Insert https://bz.apache.org/bugzilla/show_bug.cgi?ctype=xml&id=62844 complete.
2018-11-14 16:23:24 [scrapy.core.engine] DEBUG: Crawled (200) <GET https://bz.apache.org/bugzilla/show_bug.cgi?ctype=xml&id=61171> (referer: None)
2018-11-14 16:23:24 [root] INFO: Insert https://bz.apache.org/bugzilla/show_bug.cgi?ctype=xml&id=61171 complete.
2018-11-14 16:23:27 [scrapy.core.engine] DEBUG: Crawled (200) <GET https://bz.apache.org/bugzilla/show_bug.cgi?ctype=xml&id=62788> (referer: None)
2018-11-14 16:23:27 [root] INFO: Insert https://bz.apache.org/bugzilla/show_bug.cgi?ctype=xml&id=62788 complete.
2018-11-14 16:23:31 [scrapy.core.engine] DEBUG: Crawled (200) <GET https://bz.apache.org/bugzilla/show_bug.cgi?ctype=xml&id=62895> (referer: None)
2018-11-14 16:23:31 [root] INFO: Insert https://bz.apache.org/bugzilla/show_bug.cgi?ctype=xml&id=62895 complete.
2018-11-14 16:23:32 [scrapy.extensions.logstats] INFO: Crawled 233 pages (at 16 pages/min), scraped 0 items (at 0 items/min)
2018-11-14 16:23:34 [scrapy.core.engine] DEBUG: Crawled (200) <GET https://bz.apache.org/bugzilla/show_bug.cgi?ctype=xml&id=62897> (referer: None)
2018-11-14 16:23:34 [root] INFO: Insert https://bz.apache.org/bugzilla/show_bug.cgi?ctype=xml&id=62897 complete.
2018-11-14 16:23:38 [scrapy.core.engine] DEBUG: Crawled (200) <GET https://bz.apache.org/bugzilla/show_bug.cgi?ctype=xml&id=62901> (referer: None)
2018-11-14 16:23:38 [root] INFO: Insert https://bz.apache.org/bugzilla/show_bug.cgi?ctype=xml&id=62901 complete.
2018-11-14 16:23:38 [scrapy.core.engine] INFO: Closing spider (finished)
2018-11-14 16:23:38 [scrapy.statscollectors] INFO: Dumping Scrapy stats:
{'downloader/exception_count': 1,
 'downloader/exception_type_count/twisted.internet.error.TimeoutError': 1,
 'downloader/request_bytes': 70472,
 'downloader/request_count': 236,
 'downloader/request_method_count/GET': 236,
 'downloader/response_bytes': 6878579,
 'downloader/response_count': 235,
 'downloader/response_status_count/200': 235,
 'finish_reason': 'finished',
 'finish_time': datetime.datetime(2018, 11, 14, 8, 23, 38, 501735),
 'log_count/DEBUG': 237,
 'log_count/INFO': 256,
 'response_received_count': 235,
 'retry/count': 1,
 'retry/reason_count/twisted.internet.error.TimeoutError': 1,
 'scheduler/dequeued': 236,
 'scheduler/dequeued/memory': 236,
 'scheduler/enqueued': 236,
 'scheduler/enqueued/memory': 236,
 'start_time': datetime.datetime(2018, 11, 14, 8, 9, 32, 699621)}
2018-11-14 16:23:38 [scrapy.core.engine] INFO: Spider closed (finished)
